# Logfile created on 2019-04-10 23:37:16 +0000 by logger.rb/61378
[2019-04-10T23:37:16+00:00] INFO: Started chef-zero at chefzero://localhost:1 with repository at /opt/gitlab/embedded
  One version per cookbook

[2019-04-10T23:37:16+00:00] INFO: *** Chef 13.6.4 ***
[2019-04-10T23:37:16+00:00] INFO: Platform: x86_64-linux
[2019-04-10T23:37:16+00:00] INFO: Chef-client pid: 21
[2019-04-10T23:37:16+00:00] INFO: The plugin path /etc/chef/ohai/plugins does not exist. Skipping...
[2019-04-10T23:37:17+00:00] WARN: Plugin Network: unable to detect ipaddress
[2019-04-10T23:37:17+00:00] INFO: Setting the run_list to ["recipe[gitlab]"] from CLI options
[2019-04-10T23:37:17+00:00] INFO: Run List is [recipe[gitlab]]
[2019-04-10T23:37:17+00:00] INFO: Run List expands to [gitlab]
[2019-04-10T23:37:17+00:00] INFO: Starting Chef Run for 2bd071874627
[2019-04-10T23:37:17+00:00] INFO: Running start handlers
[2019-04-10T23:37:17+00:00] INFO: Start handlers complete.
[2019-04-10T23:37:19+00:00] INFO: Loading cookbooks [gitlab@0.0.1, package@0.1.0, postgresql@0.1.0, redis@0.1.0, registry@0.1.0, mattermost@0.1.0, consul@0.1.0, gitaly@0.1.0, letsencrypt@0.1.0, nginx@0.1.0, runit@4.3.0, acme@3.1.0, crond@0.1.0, compat_resource@12.19.1]
[2019-04-10T23:37:21+00:00] INFO: directory[/etc/gitlab] owner changed to 0
[2019-04-10T23:37:21+00:00] INFO: directory[/etc/gitlab] group changed to 0
[2019-04-10T23:37:21+00:00] INFO: directory[/etc/gitlab] mode changed to 775
[2019-04-10T23:37:21+00:00] INFO: Skipped selecting an init system because it was explicitly disabled
[2019-04-10T23:37:21+00:00] INFO: The plugin path /etc/chef/ohai/plugins does not exist. Skipping...
[2019-04-10T23:37:22+00:00] INFO: directory[Create /var/opt/gitlab] owner changed to 0
[2019-04-10T23:37:22+00:00] INFO: directory[Create /var/opt/gitlab] group changed to 0
[2019-04-10T23:37:22+00:00] INFO: directory[Create /var/opt/gitlab] mode changed to 755
[2019-04-10T23:37:22+00:00] INFO: template[/var/opt/gitlab/.gitconfig] owner changed to 998
[2019-04-10T23:37:22+00:00] INFO: template[/var/opt/gitlab/.gitconfig] group changed to 998
[2019-04-10T23:37:22+00:00] INFO: template[/var/opt/gitlab/.gitconfig] mode changed to 644
[2019-04-10T23:37:22+00:00] INFO: directory[/var/opt/gitlab/.bundle] owner changed to 998
[2019-04-10T23:37:22+00:00] INFO: directory[/var/opt/gitlab/.bundle] group changed to 998
[2019-04-10T23:37:22+00:00] INFO: Running queued delayed notifications before re-raising exception
[2019-04-10T23:37:22+00:00] INFO: Running queued delayed notifications before re-raising exception
[2019-04-10T23:37:22+00:00] ERROR: Running exception handlers
[2019-04-10T23:37:22+00:00] ERROR: Exception handlers complete
[2019-04-10T23:37:22+00:00] FATAL: Stacktrace dumped to /opt/gitlab/embedded/cookbooks/cache/chef-stacktrace.out
[2019-04-10T23:37:22+00:00] FATAL: Please provide the contents of the stacktrace.out file if you file a bug report
[2019-04-10T23:37:22+00:00] FATAL: Mixlib::ShellOut::ShellCommandFailed: storage_directory[/var/opt/gitlab/.ssh] (gitlab::gitlab-shell line 38) had an error: Mixlib::ShellOut::ShellCommandFailed: ruby_block[directory resource: /var/opt/gitlab/.ssh] (/opt/gitlab/embedded/cookbooks/cache/cookbooks/package/resources/storage_directory.rb line 33) had an error: Mixlib::ShellOut::ShellCommandFailed: Failed asserting that ownership of "/var/opt/gitlab/.ssh" was git:git
---- Begin output of set -x && [ "$(stat --printf='%U:%G' $(readlink -f /var/opt/gitlab/.ssh))" = 'git:git' ] ----
STDOUT: 
STDERR: + readlink -f /var/opt/gitlab/.ssh
+ stat --printf=%U:%G /var/opt/gitlab/.ssh
+ [ UNKNOWN:staff = git:git ]
---- End output of set -x && [ "$(stat --printf='%U:%G' $(readlink -f /var/opt/gitlab/.ssh))" = 'git:git' ] ----
Ran set -x && [ "$(stat --printf='%U:%G' $(readlink -f /var/opt/gitlab/.ssh))" = 'git:git' ] returned 1
